Arguments: 
  /Users/bgantelm/.brew/Cellar/node/7.4.0/bin/node /Users/bgantelm/.brew/bin/yarn

PATH: 
  /usr/bin:/bin:/usr/sbin:/sbin:/usr/local/bin:/usr/local/munki:/Users/bgantelm/go1.5.3/bin:/Users/bgantelm/.brew/bin

Yarn version: 
  0.19.1

Node version: 
  7.4.0

Platform: 
  darwin x64

npm manifest: 
  {
    "name": "red_tetri",
    "version": "0.0.1",
    "author": "Hugo Cherchi, Bruno Gamtelmi, Henri Floren",
    "license": "MIT",
    "scripts": {
      "eslint": "eslint src",
      "client-dist": "NODE_ENV=production webpack --progress --colors",
      "client-dev": "webpack-dev-server --colors --hot --inline --host 0.0.0.0 --port 8080",
      "srv-dev": "cross-env NODE_ENV=development nodemon src/server/main.js --exec babel-node",
      "srv-dist": "DEBUG=tetris:* babel src --out-dir dist",
      "test": "cross-env NODE_ENV=test babel-node src/server/test.js",
      "coverage": "istanbul cover _mocha -- --ui bdd -R spec -t 5000 --compilers js:babel-register $(find api -name '*-test.js')"
    },
    "dependencies": {
      "autoprefixer-loader": "^3.2.0",
      "babel-register": "^6.18.0",
      "body-parser": "^1.15.2",
      "chai-http": "^3.0.0",
      "cors": "^2.8.1",
      "cross-env": "^3.1.4",
      "css-loader": "^0.26.1",
      "extract-text-webpack-plugin": "^1.0.1",
      "filter-object": "^2.1.0",
      "fs": "^0.0.1-security",
      "istanbul": "^0.4.5",
      "istanbul-middleware": "^0.2.2",
      "lodash": "^4.17.4",
      "mongoose": "^4.7.7",
      "node-sass": "^4.3.0",
      "nodemon": "^1.11.0",
      "react": "^15.0.2",
      "react-dom": "^15.0.2",
      "react-redux": "^4.4.5",
      "react-router": "^3.0.2",
      "react-router-redux": "^4.0.7",
      "recursive-readdir": "^2.1.0",
      "redial": "^0.5.0",
      "redux": "^3.5.2",
      "redux-actions": "^1.2.0",
      "redux-logger": "^2.6.1",
      "redux-socket.io": "^1.3.1",
      "redux-thunk": "^2.0.1",
      "sass-loader": "^4.1.1",
      "socket.io": "^1.4.6",
      "style-loader": "^0.13.1"
    },
    "devDependencies": {
      "babel-cli": "^6.7.7",
      "babel-core": "^6.21.0",
      "babel-eslint": "^6.1.0",
      "babel-loader": "^6.2.10",
      "babel-plugin-coverage": "^1.0.0",
      "babel-plugin-transform-runtime": "^6.15.0",
      "babel-polyfill": "^6.20.0",
      "babel-preset-es2015": "^6.18.0",
      "babel-preset-react": "^6.22.0",
      "babel-preset-stage-0": "^6.16.0",
      "babel-watch": "^2.0.2",
      "chai": "^3.5.0",
      "chai-as-promised": "^5.3.0",
      "chai-equal-jsx": "^1.0.9",
      "eslint": "^2.13.1",
      "eslint-plugin-babel": "^3.3.0",
      "eslint-plugin-react": "^5.2.2",
      "mocha": "^2.4.5",
      "nyc": "^6.4.4",
      "webpack": "^1.14.0",
      "webpack-dev-middleware": "^1.6.1",
      "webpack-dev-server": "^1.14.1",
      "webpack-hot-middleware": "^2.10.0"
    },
    "nyc": {
      "exclude": [
        "build"
      ]
    },
    "babel": {
      "presets": [
        "es2015",
        "react",
        "stage-0"
      ],
      "plugins": [
        [
          "coverage",
          {
            "only": "src/server/*/"
          }
        ],
        "transform-runtime"
      ]
    }
  }

yarn manifest: 
  No manifest

Lockfile: 
  No lockfile

Trace: 
  Error: ENOSPC: no space left on device, open '/Users/bgantelm/red-tetris/node_modules/mongodb/node_modules/es6-promise/lib/es6-promise/-internal.js'
