0 info it worked if it ends with ok
1 verbose cli [ '/Users/hcherchi/.brew/Cellar/node/7.4.0/bin/node',
1 verbose cli   '/Users/hcherchi/.brew/bin/npm',
1 verbose cli   'install' ]
2 info using npm@4.0.5
3 info using node@v7.4.0
4 silly loadCurrentTree Starting
5 silly install loadCurrentTree
6 silly install readLocalPackageData
7 silly install normalizeTree
8 silly loadCurrentTree Finishing
9 silly loadIdealTree Starting
10 silly install loadIdealTree
11 silly cloneCurrentTree Starting
12 silly install cloneCurrentTreeToIdealTree
13 silly cloneCurrentTree Finishing
14 silly loadShrinkwrap Starting
15 silly install loadShrinkwrap
16 silly loadShrinkwrap Finishing
17 silly loadAllDepsIntoIdealTree Starting
18 silly install loadAllDepsIntoIdealTree
19 silly loadAllDepsIntoIdealTree Finishing
20 silly loadIdealTree Finishing
21 silly currentTree computerv1@1.0.0
21 silly currentTree └── lodash@4.17.2
22 silly idealTree computerv1@1.0.0
22 silly idealTree └── lodash@4.17.2
23 silly generateActionsToTake Starting
24 silly install generateActionsToTake
25 silly generateActionsToTake Finishing
26 silly diffTrees action count 0
27 silly decomposeActions action count 0
28 silly runTopLevelLifecycles Starting
29 silly install runPreinstallTopLevelLifecycles
30 silly preinstall computerv1@1.0.0
31 info lifecycle computerv1@1.0.0~preinstall: computerv1@1.0.0
32 silly lifecycle computerv1@1.0.0~preinstall: no script for preinstall, continuing
33 silly executeActions Starting
34 silly install executeActions
35 silly doSerial global-install 0
36 silly doParallel fetch 0
37 verbose correctMkdir /nfs/2015/h/hcherchi/.npm/_locks correctMkdir not in flight; initializing
38 warn locking Error: EROFS: read-only file system, open '/nfs/2015/h/hcherchi/.npm/_locks/staging-b775520a79392316.lock'
38 warn locking  /nfs/2015/h/hcherchi/.npm/_locks/staging-b775520a79392316.lock failed { Error: EROFS: read-only file system, open '/nfs/2015/h/hcherchi/.npm/_locks/staging-b775520a79392316.lock'
38 warn locking   errno: -30,
38 warn locking   code: 'EROFS',
38 warn locking   syscall: 'open',
38 warn locking   path: '/nfs/2015/h/hcherchi/.npm/_locks/staging-b775520a79392316.lock' }
39 silly rollbackFailedOptional Starting
40 silly rollbackFailedOptional Finishing
41 silly runTopLevelLifecycles Finishing
42 silly install printInstalled
43 warn computerv1@1.0.0 No description
44 verbose If you need help, you may report this error at:
44 verbose     <https://github.com/npm/npm/issues>
45 warn computerv1@1.0.0 No repository field.
46 verbose If you need help, you may report this error at:
46 verbose     <https://github.com/npm/npm/issues>
47 verbose stack Error: EROFS: read-only file system, open '/nfs/2015/h/hcherchi/.npm/_locks/staging-b775520a79392316.lock'
48 verbose cwd /Users/hcherchi/42/computerv1Node
49 error Darwin 15.6.0
50 error argv "/Users/hcherchi/.brew/Cellar/node/7.4.0/bin/node" "/Users/hcherchi/.brew/bin/npm" "install"
51 error node v7.4.0
52 error npm  v4.0.5
53 error path /nfs/2015/h/hcherchi/.npm/_locks/staging-b775520a79392316.lock
54 error code EROFS
55 error errno -30
56 error syscall open
57 error rofs EROFS: read-only file system, open '/nfs/2015/h/hcherchi/.npm/_locks/staging-b775520a79392316.lock'
58 error rofs This is most likely not a problem with npm itself
58 error rofs and is related to the file system being read-only.
58 error rofs
58 error rofs Often virtualized file systems, or other file systems
58 error rofs that don't support symlinks, give this error.
59 verbose exit [ -30, true ]
